This file contains any messages produced by compilers while
running configure, to aid debugging if configure makes a mistake.

It was created by dnw configure 1.0.0, which was
generated by GNU Autoconf 2.65.  Invocation command line was

  $ ./configure 

## --------- ##
## Platform. ##
## --------- ##

hostname = Mine
uname -m = i686
uname -r = 2.6.38-8-generic-pae
uname -s = Linux
uname -v = #42-Ubuntu SMP Mon Apr 11 05:17:09 UTC 2011

/usr/bin/uname -p = unknown
/bin/uname -X     = unknown

/bin/arch              = unknown
/usr/bin/arch -k       = unknown
/usr/convex/getsysinfo = unknown
/usr/bin/hostinfo      = unknown
/bin/machine           = unknown
/usr/bin/oslevel       = unknown
/bin/universe          = unknown

PATH: /usr/local/sbin
PATH: /usr/local/bin
PATH: /usr/sbin
PATH: /usr/bin
PATH: /sbin
PATH: /bin
PATH: /usr/games


## ----------- ##
## Core tests. ##
## ----------- ##

configure:2233: checking for a BSD-compatible install
configure:2301: result: /usr/bin/install -c
configure:2312: checking whether build environment is sane
configure:2362: result: yes
configure:2503: checking for a thread-safe mkdir -p
configure:2542: result: /bin/mkdir -p
configure:2555: checking for gawk
configure:2571: found /usr/bin/gawk
configure:2582: result: gawk
configure:2593: checking whether make sets $(MAKE)
configure:2615: result: yes
configure:2747: checking for gcc
configure:2763: found /usr/bin/gcc
configure:2774: result: gcc
configure:3003: checking for C compiler version
configure:3012: gcc --version >&5
gcc (Ubuntu/Linaro 4.5.2-8ubuntu4) 4.5.2
Copyright (C) 2010 Free Software Foundation, Inc.
This is free software; see the source for copying conditions.  There is NO
warranty; not even for MERCHANTABILITY or FITNESS FOR A PARTICULAR PURPOSE.

configure:3023: $? = 0
configure:3012: gcc -v >&5
Using built-in specs.
COLLECT_GCC=gcc
COLLECT_LTO_WRAPPER=/usr/lib/i386-linux-gnu/gcc/i686-linux-gnu/4.5.2/lto-wrapper
Target: i686-linux-gnu
Configured with: ../src/configure -v --with-pkgversion='Ubuntu/Linaro 4.5.2-8ubuntu4' --with-bugurl=file:///usr/share/doc/gcc-4.5/README.Bugs --enable-languages=c,c++,fortran,objc,obj-c++ --prefix=/usr --program-suffix=-4.5 --enable-shared --enable-multiarch --with-multiarch-defaults=i386-linux-gnu --enable-linker-build-id --with-system-zlib --libexecdir=/usr/lib/i386-linux-gnu --without-included-gettext --enable-threads=posix --with-gxx-include-dir=/usr/include/c++/4.5 --libdir=/usr/lib/i386-linux-gnu --enable-nls --with-sysroot=/ --enable-clocale=gnu --enable-libstdcxx-debug --enable-libstdcxx-time=yes --enable-plugin --enable-gold --enable-ld=default --with-plugin-ld=ld.gold --enable-objc-gc --enable-targets=all --disable-werror --with-arch-32=i686 --with-tune=generic --enable-checking=release --build=i686-linux-gnu --host=i686-linux-gnu --target=i686-linux-gnu
Thread model: posix
gcc version 4.5.2 (Ubuntu/Linaro 4.5.2-8ubuntu4) 
configure:3023: $? = 0
configure:3012: gcc -V >&5
gcc: '-V' option must have argument
configure:3023: $? = 1
configure:3012: gcc -qversion >&5
gcc: unrecognized option '-qversion'
gcc: no input files
configure:3023: $? = 1
configure:3043: checking whether the C compiler works
configure:3065: gcc    conftest.c  >&5
configure:3069: $? = 0
configure:3118: result: yes
configure:3121: checking for C compiler default output file name
configure:3123: result: a.out
configure:3129: checking for suffix of executables
configure:3136: gcc -o conftest    conftest.c  >&5
configure:3140: $? = 0
configure:3162: result: 
configure:3184: checking whether we are cross compiling
configure:3192: gcc -o conftest    conftest.c  >&5
configure:3196: $? = 0
configure:3203: ./conftest
configure:3207: $? = 0
configure:3222: result: no
configure:3227: checking for suffix of object files
configure:3249: gcc -c   conftest.c >&5
configure:3253: $? = 0
configure:3274: result: o
configure:3278: checking whether we are using the GNU C compiler
configure:3297: gcc -c   conftest.c >&5
configure:3297: $? = 0
configure:3306: result: yes
configure:3315: checking whether gcc accepts -g
configure:3335: gcc -c -g  conftest.c >&5
configure:3335: $? = 0
configure:3376: result: yes
configure:3393: checking for gcc option to accept ISO C89
configure:3457: gcc  -c -g -O2  conftest.c >&5
configure:3457: $? = 0
configure:3470: result: none needed
configure:3501: checking for style of include used by make
configure:3529: result: GNU
configure:3554: checking dependency style of gcc
configure:3664: result: gcc3
configure:3680: checking whether make sets $(MAKE)
configure:3702: result: yes
configure:3713: checking for usb_open in -lusb
configure:3738: gcc -o conftest -g -O2   conftest.c -lusb   >&5
configure:3738: $? = 0
configure:3747: result: yes
configure:3764: checking how to run the C preprocessor
configure:3795: gcc -E  conftest.c
configure:3795: $? = 0
configure:3809: gcc -E  conftest.c
conftest.c:12:28: fatal error: ac_nonexistent.h: No such file or directory
compilation terminated.
configure:3809: $? = 1
configure: failed program was:
| /* confdefs.h */
| #define PACKAGE_NAME "dnw"
| #define PACKAGE_TARNAME "dnw"
| #define PACKAGE_VERSION "1.0.0"
| #define PACKAGE_STRING "dnw 1.0.0"
| #define PACKAGE_BUGREPORT ""
| #define PACKAGE_URL ""
| #define PACKAGE "dnw"
| #define VERSION "1.0.0"
| #define HAVE_LIBUSB 1
| /* end confdefs.h.  */
| #include <ac_nonexistent.h>
configure:3834: result: gcc -E
configure:3854: gcc -E  conftest.c
configure:3854: $? = 0
configure:3868: gcc -E  conftest.c
conftest.c:12:28: fatal error: ac_nonexistent.h: No such file or directory
compilation terminated.
configure:3868: $? = 1
configure: failed program was:
| /* confdefs.h */
| #define PACKAGE_NAME "dnw"
| #define PACKAGE_TARNAME "dnw"
| #define PACKAGE_VERSION "1.0.0"
| #define PACKAGE_STRING "dnw 1.0.0"
| #define PACKAGE_BUGREPORT ""
| #define PACKAGE_URL ""
| #define PACKAGE "dnw"
| #define VERSION "1.0.0"
| #define HAVE_LIBUSB 1
| /* end confdefs.h.  */
| #include <ac_nonexistent.h>
configure:3897: checking for grep that handles long lines and -e
configure:3955: result: /bin/grep
configure:3960: checking for egrep
configure:4022: result: /bin/grep -E
configure:4027: checking for ANSI C header files
configure:4047: gcc -c -g -O2  conftest.c >&5
configure:4047: $? = 0
configure:4120: gcc -o conftest -g -O2   conftest.c -lusb  >&5
configure:4120: $? = 0
configure:4120: ./conftest
configure:4120: $? = 0
configure:4131: result: yes
configure:4144: checking for sys/types.h
configure:4144: gcc -c -g -O2  conftest.c >&5
configure:4144: $? = 0
configure:4144: result: yes
configure:4144: checking for sys/stat.h
configure:4144: gcc -c -g -O2  conftest.c >&5
configure:4144: $? = 0
configure:4144: result: yes
configure:4144: checking for stdlib.h
configure:4144: gcc -c -g -O2  conftest.c >&5
configure:4144: $? = 0
configure:4144: result: yes
configure:4144: checking for string.h
configure:4144: gcc -c -g -O2  conftest.c >&5
configure:4144: $? = 0
configure:4144: result: yes
configure:4144: checking for memory.h
configure:4144: gcc -c -g -O2  conftest.c >&5
configure:4144: $? = 0
configure:4144: result: yes
configure:4144: checking for strings.h
configure:4144: gcc -c -g -O2  conftest.c >&5
configure:4144: $? = 0
configure:4144: result: yes
configure:4144: checking for inttypes.h
configure:4144: gcc -c -g -O2  conftest.c >&5
configure:4144: $? = 0
configure:4144: result: yes
configure:4144: checking for stdint.h
configure:4144: gcc -c -g -O2  conftest.c >&5
configure:4144: $? = 0
configure:4144: result: yes
configure:4144: checking for unistd.h
configure:4144: gcc -c -g -O2  conftest.c >&5
configure:4144: $? = 0
configure:4144: result: yes
configure:4160: checking fcntl.h usability
configure:4160: gcc -c -g -O2  conftest.c >&5
configure:4160: $? = 0
configure:4160: result: yes
configure:4160: checking fcntl.h presence
configure:4160: gcc -E  conftest.c
configure:4160: $? = 0
configure:4160: result: yes
configure:4160: checking for fcntl.h
configure:4160: result: yes
configure:4160: checking libintl.h usability
configure:4160: gcc -c -g -O2  conftest.c >&5
configure:4160: $? = 0
configure:4160: result: yes
configure:4160: checking libintl.h presence
configure:4160: gcc -E  conftest.c
configure:4160: $? = 0
configure:4160: result: yes
configure:4160: checking for libintl.h
configure:4160: result: yes
configure:4160: checking locale.h usability
configure:4160: gcc -c -g -O2  conftest.c >&5
configure:4160: $? = 0
configure:4160: result: yes
configure:4160: checking locale.h presence
configure:4160: gcc -E  conftest.c
configure:4160: $? = 0
configure:4160: result: yes
configure:4160: checking for locale.h
configure:4160: result: yes
configure:4160: checking for string.h
configure:4160: result: yes
configure:4160: checking for unistd.h
configure:4160: result: yes
configure:4173: checking for uint16_t
configure:4173: gcc -c -g -O2  conftest.c >&5
configure:4173: $? = 0
configure:4173: result: yes
configure:4189: checking for setlocale
configure:4189: gcc -o conftest -g -O2   conftest.c -lusb  >&5
configure:4189: $? = 0
configure:4189: result: yes
configure:4189: checking for strdup
configure:4189: gcc -o conftest -g -O2   conftest.c -lusb  >&5
conftest.c:51:6: warning: conflicting types for built-in function 'strdup'
configure:4189: $? = 0
configure:4189: result: yes
configure:4214: checking whether NLS is requested
configure:4223: result: yes
configure:4261: checking for msgfmt
configure:4292: result: /usr/bin/msgfmt
configure:4301: checking for gmsgfmt
configure:4332: result: /usr/bin/msgfmt
configure:4372: checking for xgettext
configure:4403: result: /usr/bin/xgettext
configure:4443: checking for msgmerge
configure:4473: result: /usr/bin/msgmerge
configure:4528: checking build system type
configure:4542: result: i686-pc-linux-gnu
configure:4562: checking host system type
configure:4575: result: i686-pc-linux-gnu
configure:4619: checking for ld used by GCC
configure:4683: result: /usr/bin/ld
configure:4690: checking if the linker (/usr/bin/ld) is GNU ld
configure:4703: result: yes
configure:4709: checking for shared library run path origin
configure:4722: result: done
configure:5138: checking whether NLS is requested
configure:5147: result: yes
configure:5165: checking for GNU gettext in libc
configure:5184: gcc -o conftest -g -O2   conftest.c -lusb  >&5
configure:5184: $? = 0
configure:5192: result: yes
configure:5772: checking whether to use NLS
configure:5774: result: yes
configure:5777: checking where the gettext function comes from
configure:5788: result: libc
configure:5975: creating ./config.status

## ---------------------- ##
## Running config.status. ##
## ---------------------- ##

This file was extended by dnw config.status 1.0.0, which was
generated by GNU Autoconf 2.65.  Invocation command line was

  CONFIG_FILES    = 
  CONFIG_HEADERS  = 
  CONFIG_LINKS    = 
  CONFIG_COMMANDS = 
  $ ./config.status 

on Mine

config.status:893: creating Makefile
config.status:893: creating m4/Makefile
config.status:893: creating po/Makefile.in
config.status:1001: WARNING:  'po/Makefile.in.in' seems to ignore the --datarootdir setting
config.status:893: creating src/Makefile
config.status:893: creating doc/Makefile
config.status:893: creating include/config.h
config.status:1113: executing depfiles commands
config.status:1113: executing default-1 commands

## ---------------- ##
## Cache variables. ##
## ---------------- ##

ac_cv_build=i686-pc-linux-gnu
ac_cv_c_compiler_gnu=yes
ac_cv_c_uint16_t=yes
ac_cv_env_CC_set=
ac_cv_env_CC_value=
ac_cv_env_CFLAGS_set=
ac_cv_env_CFLAGS_value=
ac_cv_env_CPPFLAGS_set=
ac_cv_env_CPPFLAGS_value=
ac_cv_env_CPP_set=
ac_cv_env_CPP_value=
ac_cv_env_LDFLAGS_set=
ac_cv_env_LDFLAGS_value=
ac_cv_env_LIBS_set=
ac_cv_env_LIBS_value=
ac_cv_env_build_alias_set=
ac_cv_env_build_alias_value=
ac_cv_env_host_alias_set=
ac_cv_env_host_alias_value=
ac_cv_env_target_alias_set=
ac_cv_env_target_alias_value=
ac_cv_func_setlocale=yes
ac_cv_func_strdup=yes
ac_cv_header_fcntl_h=yes
ac_cv_header_inttypes_h=yes
ac_cv_header_libintl_h=yes
ac_cv_header_locale_h=yes
ac_cv_header_memory_h=yes
ac_cv_header_stdc=yes
ac_cv_header_stdint_h=yes
ac_cv_header_stdlib_h=yes
ac_cv_header_string_h=yes
ac_cv_header_strings_h=yes
ac_cv_header_sys_stat_h=yes
ac_cv_header_sys_types_h=yes
ac_cv_header_unistd_h=yes
ac_cv_host=i686-pc-linux-gnu
ac_cv_lib_usb_usb_open=yes
ac_cv_objext=o
ac_cv_path_EGREP='/bin/grep -E'
ac_cv_path_GMSGFMT=/usr/bin/msgfmt
ac_cv_path_GREP=/bin/grep
ac_cv_path_MSGFMT=/usr/bin/msgfmt
ac_cv_path_MSGMERGE=/usr/bin/msgmerge
ac_cv_path_XGETTEXT=/usr/bin/xgettext
ac_cv_path_install='/usr/bin/install -c'
ac_cv_path_mkdir=/bin/mkdir
ac_cv_prog_AWK=gawk
ac_cv_prog_CPP='gcc -E'
ac_cv_prog_ac_ct_CC=gcc
ac_cv_prog_cc_c89=
ac_cv_prog_cc_g=yes
ac_cv_prog_make_make_set=yes
acl_cv_hardcode_direct=no
acl_cv_hardcode_libdir_flag_spec='${wl}-rpath ${wl}$libdir'
acl_cv_hardcode_libdir_separator=
acl_cv_hardcode_minus_L=no
acl_cv_libext=a
acl_cv_path_LD=/usr/bin/ld
acl_cv_prog_gnu_ld=yes
acl_cv_rpath=done
acl_cv_shlibext=so
acl_cv_wl=-Wl,
am_cv_CC_dependencies_compiler_type=gcc3
gt_cv_func_gnugettext1_libc=yes

## ----------------- ##
## Output variables. ##
## ----------------- ##

ACLOCAL='${SHELL} /home/zelos/Real6410/gingerbread/tools/dnw-1.0.0/autoconf/missing --run aclocal-1.11'
AMDEPBACKSLASH='\'
AMDEP_FALSE='#'
AMDEP_TRUE=''
AMTAR='${SHELL} /home/zelos/Real6410/gingerbread/tools/dnw-1.0.0/autoconf/missing --run tar'
AUTOCONF='${SHELL} /home/zelos/Real6410/gingerbread/tools/dnw-1.0.0/autoconf/missing --run autoconf'
AUTOHEADER='${SHELL} /home/zelos/Real6410/gingerbread/tools/dnw-1.0.0/autoconf/missing --run autoheader'
AUTOMAKE='${SHELL} /home/zelos/Real6410/gingerbread/tools/dnw-1.0.0/autoconf/missing --run automake-1.11'
AWK='gawk'
CC='gcc'
CCDEPMODE='depmode=gcc3'
CFLAGS='-g -O2'
CPP='gcc -E'
CPPFLAGS=''
CYGPATH_W='echo'
DEFS='-DHAVE_CONFIG_H'
DEPDIR='.deps'
ECHO_C=''
ECHO_N='-n'
ECHO_T=''
EGREP='/bin/grep -E'
EXEEXT=''
GMSGFMT='/usr/bin/msgfmt'
GREP='/bin/grep'
INSTALL_DATA='${INSTALL} -m 644'
INSTALL_PROGRAM='${INSTALL}'
INSTALL_SCRIPT='${INSTALL}'
INSTALL_STRIP_PROGRAM='$(install_sh) -c -s'
INTLLIBS=''
LDFLAGS=''
LIBICONV='-liconv'
LIBINTL=''
LIBOBJS=''
LIBS='-lusb '
LTLIBICONV='-liconv'
LTLIBINTL=''
LTLIBOBJS=''
MAKEINFO='${SHELL} /home/zelos/Real6410/gingerbread/tools/dnw-1.0.0/autoconf/missing --run makeinfo'
MKDIR_P='/bin/mkdir -p'
MKINSTALLDIRS='$(top_builddir)/autoconf/mkinstalldirs'
MSGFMT='/usr/bin/msgfmt'
MSGMERGE='/usr/bin/msgmerge'
OBJEXT='o'
PACKAGE='dnw'
PACKAGE_BUGREPORT=''
PACKAGE_NAME='dnw'
PACKAGE_STRING='dnw 1.0.0'
PACKAGE_TARNAME='dnw'
PACKAGE_URL=''
PACKAGE_VERSION='1.0.0'
PATH_SEPARATOR=':'
POSUB='po'
SET_MAKE=''
SHELL='/bin/bash'
STRIP=''
USE_NLS='yes'
VERSION='1.0.0'
XGETTEXT='/usr/bin/xgettext'
ac_ct_CC='gcc'
am__EXEEXT_FALSE=''
am__EXEEXT_TRUE='#'
am__fastdepCC_FALSE='#'
am__fastdepCC_TRUE=''
am__include='include'
am__isrc=''
am__leading_dot='.'
am__quote=''
am__tar='${AMTAR} chof - "$$tardir"'
am__untar='${AMTAR} xf -'
bindir='${exec_prefix}/bin'
build='i686-pc-linux-gnu'
build_alias=''
build_cpu='i686'
build_os='linux-gnu'
build_vendor='pc'
datadir='${datarootdir}'
datarootdir='${prefix}/share'
docdir='${datarootdir}/doc/${PACKAGE_TARNAME}'
dvidir='${docdir}'
exec_prefix='${prefix}'
host='i686-pc-linux-gnu'
host_alias=''
host_cpu='i686'
host_os='linux-gnu'
host_vendor='pc'
htmldir='${docdir}'
includedir='${prefix}/include'
infodir='${datarootdir}/info'
install_sh='${SHELL} /home/zelos/Real6410/gingerbread/tools/dnw-1.0.0/autoconf/install-sh'
libdir='${exec_prefix}/lib'
libexecdir='${exec_prefix}/libexec'
localedir='${datarootdir}/locale'
localstatedir='${prefix}/var'
mandir='${datarootdir}/man'
mkdir_p='/bin/mkdir -p'
oldincludedir='/usr/include'
pdfdir='${docdir}'
prefix='/usr/local'
program_transform_name='s,x,x,'
psdir='${docdir}'
sbindir='${exec_prefix}/sbin'
sharedstatedir='${prefix}/com'
sysconfdir='${prefix}/etc'
target_alias=''

## ----------- ##
## confdefs.h. ##
## ----------- ##

/* confdefs.h */
#define PACKAGE_NAME "dnw"
#define PACKAGE_TARNAME "dnw"
#define PACKAGE_VERSION "1.0.0"
#define PACKAGE_STRING "dnw 1.0.0"
#define PACKAGE_BUGREPORT ""
#define PACKAGE_URL ""
#define PACKAGE "dnw"
#define VERSION "1.0.0"
#define HAVE_LIBUSB 1
#define STDC_HEADERS 1
#define HAVE_SYS_TYPES_H 1
#define HAVE_SYS_STAT_H 1
#define HAVE_STDLIB_H 1
#define HAVE_STRING_H 1
#define HAVE_MEMORY_H 1
#define HAVE_STRINGS_H 1
#define HAVE_INTTYPES_H 1
#define HAVE_STDINT_H 1
#define HAVE_UNISTD_H 1
#define HAVE_FCNTL_H 1
#define HAVE_LIBINTL_H 1
#define HAVE_LOCALE_H 1
#define HAVE_STRING_H 1
#define HAVE_UNISTD_H 1
#define HAVE_SETLOCALE 1
#define HAVE_STRDUP 1
#define ENABLE_NLS 1
#define HAVE_GETTEXT 1
#define HAVE_DCGETTEXT 1

configure: exit 0
